<?xml version="1.0" encoding="UTF-8"?>
<Site BuildName="(empty)"
	BuildStamp="20250423-0540-Experimental"
	Name="(empty)"
	Generator="ctest-3.28.2"
	CompilerName=""
	CompilerVersion=""
	OSName="Windows"
	Hostname="XPS"
	OSRelease=" Personal"
	OSVersion=" (Build 9200)"
	OSPlatform="AMD64"
	Is64Bits="1"
	VendorString=""
	VendorID="Unknown Manufacturer"
	FamilyID="0"
	ModelID="0"
	ProcessorCacheSize="0"
	NumberOfLogicalCPU="12"
	NumberOfPhysicalCPU="10"
	TotalVirtualMemory="29896"
	TotalPhysicalMemory="16072"
	LogicalProcessorsPerPhysical="1"
	ProcessorClockFrequency="1882"
	>
	<Testing>
		<StartDateTime>Apr 23 13:42 Malay Peninsula Standard Time</StartDateTime>
		<StartTestTime>1745386922</StartTestTime>
		<TestList/>
		<EndDateTime>Apr 23 13:42 Malay Peninsula Standard Time</EndDateTime>
		<EndTestTime>1745386922</EndTestTime>
		<ElapsedMinutes>0</ElapsedMinutes>
	</Testing>
</Site>
